\BOOKMARK [1][-]{section.1}{\376\377\000P\000l\000a\000i\000n\000\040\000L\000a\000n\000g\000u\000a\000g\000e\000\040\000S\000u\000m\000m\000a\000r\000y}{}% 1
\BOOKMARK [1][-]{section.2}{\376\377\000I\000n\000t\000r\000o\000d\000u\000c\000t\000i\000o\000n}{}% 2
\BOOKMARK [1][-]{section.3}{\376\377\000D\000a\000t\000a\000:\000\040\000T\000h\000e\000\040\000L\000I\000T\000T\000O\000R\000A\000L\000\040\000D\000a\000t\000a\000s\000e\000t}{}% 3
\BOOKMARK [1][-]{section.4}{\376\377\000F\000i\000r\000s\000t\000-\000O\000r\000d\000e\000r\000\040\000G\000r\000a\000d\000i\000e\000n\000t\000\040\000S\000t\000r\000u\000c\000t\000u\000r\000e}{}% 4
\BOOKMARK [1][-]{section.5}{\376\377\000C\000o\000n\000c\000e\000p\000t\000u\000a\000l\000\040\000F\000r\000a\000m\000e\000w\000o\000r\000k}{}% 5
\BOOKMARK [1][-]{section.6}{\376\377\000T\000h\000e\000\040\000M\000a\000c\000h\000\040\000F\000i\000e\000l\000d\000:\000\040\000A\000\040\000R\000e\000f\000e\000r\000e\000n\000c\000e\000\040\000A\000n\000i\000s\000o\000t\000r\000o\000p\000y}{}% 6
\BOOKMARK [1][-]{section.7}{\376\377\000G\000r\000a\000d\000i\000e\000n\000t\040\023\000M\000a\000c\000h\000\040\000C\000o\000m\000p\000a\000r\000i\000s\000o\000n}{}% 7
\BOOKMARK [1][-]{section.8}{\376\377\000Q\000u\000a\000l\000i\000t\000a\000t\000i\000v\000e\000\040\000I\000n\000t\000e\000r\000p\000r\000e\000t\000a\000t\000i\000o\000n}{}% 8
\BOOKMARK [1][-]{section.9}{\376\377\000P\000r\000e\000f\000e\000r\000r\000e\000d\000\040\000P\000a\000t\000h\000w\000a\000y\000s\000\040\000a\000n\000d\000\040\000A\000v\000o\000i\000d\000a\000n\000c\000e\000\040\000S\000t\000r\000u\000c\000t\000u\000r\000e}{}% 9
\BOOKMARK [1][-]{section.10}{\376\377\000F\000r\000o\000m\000\040\000Q\000u\000a\000l\000i\000t\000a\000t\000i\000v\000e\000\040\000t\000o\000\040\000Q\000u\000a\000n\000t\000i\000t\000a\000t\000i\000v\000e\000\040\000T\000e\000s\000t\000i\000n\000g}{}% 10
\BOOKMARK [1][-]{section.11}{\376\377\000C\000o\000n\000d\000i\000t\000i\000o\000n\000e\000d\000\040\000M\000a\000c\000h\000\040\000D\000i\000s\000c\000r\000i\000m\000i\000n\000a\000t\000i\000o\000n}{}% 11
\BOOKMARK [2][-]{subsection.11.1}{\376\377\000R\000e\000s\000u\000l\000t\000s}{section.11}% 12
\BOOKMARK [2][-]{subsection.11.2}{\376\377\000I\000n\000t\000e\000r\000p\000r\000e\000t\000a\000t\000i\000o\000n}{section.11}% 13
\BOOKMARK [1][-]{section.12}{\376\377\000A\000x\000i\000s\000\040\000S\000e\000l\000e\000c\000t\000i\000o\000n\000\040\000a\000n\000d\000\040\000R\000e\000s\000i\000d\000u\000a\000l\000\040\000S\000t\000r\000u\000c\000t\000u\000r\000e}{}% 14
\BOOKMARK [1][-]{section.13}{\376\377\000R\000e\000l\000a\000t\000i\000o\000n\000\040\000t\000o\000\040\000G\000e\000o\000d\000e\000t\000i\000c\000\040\000S\000e\000a\000-\000L\000e\000v\000e\000l\000\040\000C\000h\000a\000n\000g\000e}{}% 15
\BOOKMARK [1][-]{section.14}{\376\377\000G\000e\000o\000d\000e\000t\000i\000c\000\040\000I\000n\000v\000e\000r\000s\000i\000o\000n\000\040\000a\000n\000d\000\040\000t\000h\000e\000\040\000B\000e\000e\000b\000e\000\040\000A\000n\000c\000h\000o\000r}{}% 16
\BOOKMARK [1][-]{section.15}{\376\377\000C\000o\000n\000s\000t\000r\000a\000i\000n\000t\000\040\000O\000v\000e\000r\000\040\000E\000x\000p\000l\000a\000n\000a\000t\000i\000o\000n}{}% 17
\BOOKMARK [1][-]{section.16}{\376\377\000T\000r\000a\000n\000s\000i\000t\000i\000o\000n\000\040\000t\000o\000\040\000B\000r\000o\000a\000d\000e\000r\000\040\000I\000m\000p\000l\000i\000c\000a\000t\000i\000o\000n\000s}{}% 18
\BOOKMARK [1][-]{section.17}{\376\377\000D\000i\000s\000c\000u\000s\000s\000i\000o\000n}{}% 19
\BOOKMARK [2][-]{subsection.17.1}{\376\377\000G\000e\000o\000m\000e\000t\000r\000i\000c\000\040\000I\000n\000t\000e\000r\000p\000r\000e\000t\000a\000t\000i\000o\000n}{section.17}% 20
\BOOKMARK [2][-]{subsection.17.2}{\376\377\000R\000e\000l\000a\000t\000i\000o\000n\000\040\000t\000o\000\040\000R\000o\000t\000a\000t\000i\000o\000n\000a\000l\000\040\000R\000e\000o\000r\000g\000a\000n\000i\000z\000a\000t\000i\000o\000n\000\040\000H\000y\000p\000o\000t\000h\000e\000s\000e\000s}{section.17}% 21
\BOOKMARK [2][-]{subsection.17.3}{\376\377\000I\000n\000t\000e\000g\000r\000a\000t\000i\000o\000n\000\040\000w\000i\000t\000h\000\040\000C\000l\000a\000s\000s\000i\000c\000a\000l\000\040\000a\000n\000d\000\040\000M\000o\000d\000e\000r\000n\000\040\000F\000r\000a\000m\000e\000w\000o\000r\000k\000s}{section.17}% 22
\BOOKMARK [1][-]{section.18}{\376\377\000L\000i\000m\000i\000t\000a\000t\000i\000o\000n\000s}{}% 23
\BOOKMARK [2][-]{subsection.18.1}{\376\377\000S\000a\000m\000p\000l\000i\000n\000g\000\040\000B\000i\000a\000s}{section.18}% 24
\BOOKMARK [2][-]{subsection.18.2}{\376\377\000I\000n\000d\000i\000c\000a\000t\000o\000r\000\040\000H\000e\000t\000e\000r\000o\000g\000e\000n\000e\000i\000t\000y}{section.18}% 25
\BOOKMARK [2][-]{subsection.18.3}{\376\377\000E\000l\000e\000v\000a\000t\000i\000o\000n\000\040\000U\000n\000c\000e\000r\000t\000a\000i\000n\000t\000y}{section.18}% 26
\BOOKMARK [2][-]{subsection.18.4}{\376\377\000T\000e\000m\000p\000o\000r\000a\000l\000\040\000A\000g\000g\000r\000e\000g\000a\000t\000i\000o\000n}{section.18}% 27
\BOOKMARK [2][-]{subsection.18.5}{\376\377\000S\000p\000a\000r\000s\000e\000\040\000E\000x\000t\000r\000e\000m\000e\000-\000D\000e\000p\000t\000h\000\040\000R\000e\000g\000i\000m\000e\000s}{section.18}% 28
\BOOKMARK [1][-]{section.19}{\376\377\000F\000u\000t\000u\000r\000e\000\040\000W\000o\000r\000k}{}% 29
\BOOKMARK [2][-]{subsection.19.1}{\376\377\000T\000e\000m\000p\000o\000r\000a\000l\000\040\000S\000t\000r\000a\000t\000i\000f\000i\000c\000a\000t\000i\000o\000n}{section.19}% 30
\BOOKMARK [2][-]{subsection.19.2}{\376\377\000D\000e\000p\000t\000h\000-\000R\000e\000g\000i\000m\000e\000\040\000E\000x\000p\000a\000n\000s\000i\000o\000n}{section.19}% 31
\BOOKMARK [2][-]{subsection.19.3}{\376\377\000R\000e\000g\000i\000o\000n\000a\000l\000\040\000A\000n\000a\000l\000y\000s\000i\000s}{section.19}% 32
\BOOKMARK [2][-]{subsection.19.4}{\376\377\000I\000n\000t\000e\000g\000r\000a\000t\000i\000o\000n\000\040\000w\000i\000t\000h\000\040\000A\000d\000d\000i\000t\000i\000o\000n\000a\000l\000\040\000D\000a\000t\000a\000s\000e\000t\000s}{section.19}% 33
\BOOKMARK [2][-]{subsection.19.5}{\376\377\000C\000o\000u\000p\000l\000i\000n\000g\000\040\000t\000o\000\040\000D\000y\000n\000a\000m\000i\000c\000a\000l\000\040\000M\000o\000d\000e\000l\000s}{section.19}% 34
\BOOKMARK [2][-]{subsection.19.6}{\376\377\000H\000i\000g\000h\000e\000r\000-\000O\000r\000d\000e\000r\000\040\000G\000e\000o\000m\000e\000t\000r\000y}{section.19}% 35
\BOOKMARK [1][-]{section.20}{\376\377\000C\000o\000n\000c\000l\000u\000s\000i\000o\000n}{}% 36
